<?xml version="1.0" encoding="UTF-8"?>
<!-- Generated by org.testng.reporters.JUnitReportReporter -->
<testsuite hostname="DESKTOP-TQTAUTU" failures="0" tests="8" name="com.ecommerce.qa.tests.HomePageTests" time="93.591" errors="0" timestamp="2022-05-25T21:31:20 CEST" skipped="0">
  <testcase classname="com.ecommerce.qa.tests.HomePageTests" name="shouldReturnCorrectNewsletterAlertMessage" time="11.496"/>
  <system-out/>
  <testcase classname="com.ecommerce.qa.tests.HomePageTests" name="shouldReturnCorrectNewsletterAlertMessage" time="12.270"/>
  <system-out/>
  <testcase classname="com.ecommerce.qa.tests.HomePageTests" name="shouldAddProductToCart" time="9.993"/>
  <system-out/>
  <testcase classname="com.ecommerce.qa.tests.HomePageTests" name="shouldDisplayHomeContentImages" time="8.028"/>
  <system-out/>
  <testcase classname="com.ecommerce.qa.tests.HomePageTests" name="shouldDisplayHomePageLogo" time="7.440"/>
  <system-out/>
  <testcase classname="com.ecommerce.qa.tests.HomePageTests" name="shouldReturnCorrectNewsletterAlertMessage" time="20.607"/>
  <system-out/>
  <testcase classname="com.ecommerce.qa.tests.HomePageTests" name="shouldReturnActualPageTitle" time="8.372"/>
  <system-out/>
  <testcase classname="com.ecommerce.qa.tests.HomePageTests" name="shouldRedirectToProductPage" time="15.385"/>
  <system-out/>
</testsuite> <!-- com.ecommerce.qa.tests.HomePageTests -->
