<?xml version="1.0" encoding="UTF-8"?>
<!-- Generated by org.testng.reporters.JUnitReportReporter -->
<testsuite hostname="DESKTOP-TQTAUTU" failures="0" tests="6" name="com.ecommerce.qa.tests.CartPageTests" time="70.357" errors="0" timestamp="2022-06-18T12:58:35 CEST" skipped="0">
  <testcase classname="com.ecommerce.qa.tests.CartPageTests" name="shouldDecreaseProductQuantityInTheCart" time="11.785"/>
  <system-out/>
  <testcase classname="com.ecommerce.qa.tests.CartPageTests" name="shouldIncreaseProductQuantityInTheCart" time="10.465"/>
  <system-out/>
  <testcase classname="com.ecommerce.qa.tests.CartPageTests" name="shouldRedirectLoggedInUserToAddressPage" time="19.276"/>
  <system-out/>
  <testcase classname="com.ecommerce.qa.tests.CartPageTests" name="shouldShowAlertForEmptyCart" time="6.258"/>
  <system-out/>
  <testcase classname="com.ecommerce.qa.tests.CartPageTests" name="shouldDeleteProductFromTheCart" time="12.141"/>
  <system-out/>
  <testcase classname="com.ecommerce.qa.tests.CartPageTests" name="shouldRedirectNotLoggedInUserToLoginPage" time="10.432"/>
  <system-out/>
</testsuite> <!-- com.ecommerce.qa.tests.CartPageTests -->
