<?xml version="1.0" encoding="UTF-8"?>
<!-- Generated by org.testng.reporters.JUnitReportReporter -->
<testsuite hostname="DESKTOP-TQTAUTU" failures="0" tests="11" name="com.ecommerce.qa.tests.HomePageTests" time="105.466" errors="0" timestamp="2022-06-18T12:58:35 CEST" skipped="0">
  <testcase classname="com.ecommerce.qa.tests.HomePageTests" name="shouldDisplayHomePageLogo" time="6.545"/>
  <system-out/>
  <testcase classname="com.ecommerce.qa.tests.HomePageTests" name="shouldRedirectToProductPage" time="10.740"/>
  <system-out/>
  <testcase classname="com.ecommerce.qa.tests.HomePageTests" name="shouldDisplayAllTheContentInsideCategoryDropdownMenu" time="6.184"/>
  <system-out/>
  <testcase classname="com.ecommerce.qa.tests.HomePageTests" name="shouldRedirectToContactUsPage" time="11.117"/>
  <system-out/>
  <testcase classname="com.ecommerce.qa.tests.HomePageTests" name="shouldDisplayHomeContentImages" time="5.855"/>
  <system-out/>
  <testcase classname="com.ecommerce.qa.tests.HomePageTests" name="shouldReturnCorrectNewsletterAlertMessage" time="8.752"/>
  <system-out/>
  <testcase classname="com.ecommerce.qa.tests.HomePageTests" name="shouldReturnCorrectNewsletterAlertMessage" time="12.658"/>
  <system-out/>
  <testcase classname="com.ecommerce.qa.tests.HomePageTests" name="shouldAddProductToCartFromHomePage" time="18.161"/>
  <system-out/>
  <testcase classname="com.ecommerce.qa.tests.HomePageTests" name="shouldDisplayProductReviewPopUpWindow" time="9.965"/>
  <system-out/>
  <testcase classname="com.ecommerce.qa.tests.HomePageTests" name="shouldDisplayAllTheContentInsideCategoryDropdownMenu" time="6.537"/>
  <system-out/>
  <testcase classname="com.ecommerce.qa.tests.HomePageTests" name="shouldReturnCorrectNewsletterAlertMessage" time="8.952"/>
  <system-out/>
</testsuite> <!-- com.ecommerce.qa.tests.HomePageTests -->
