<?xml version="1.0" encoding="UTF-8"?>
<!-- Generated by org.testng.reporters.JUnitReportReporter -->
<testsuite hostname="DESKTOP-TQTAUTU" failures="0" tests="5" name="com.ecommerce.qa.tests.LoginPageTests" time="59.210" errors="0" timestamp="2022-06-18T12:58:35 CEST" skipped="0">
  <testcase classname="com.ecommerce.qa.tests.LoginPageTests" name="shouldFailLoggingIntoAccount" time="11.713"/>
  <system-out/>
  <testcase classname="com.ecommerce.qa.tests.LoginPageTests" name="shouldFailLoggingIntoAccount" time="14.734"/>
  <system-out/>
  <testcase classname="com.ecommerce.qa.tests.LoginPageTests" name="shouldFailLoggingIntoAccount" time="11.781"/>
  <system-out/>
  <testcase classname="com.ecommerce.qa.tests.LoginPageTests" name="shouldLoginIntoAccount" time="9.912"/>
  <system-out/>
  <testcase classname="com.ecommerce.qa.tests.LoginPageTests" name="shouldRedirectToForgotPasswordPage" time="11.070"/>
  <system-out/>
</testsuite> <!-- com.ecommerce.qa.tests.LoginPageTests -->
