<?xml version="1.0" encoding="UTF-8"?>
<!-- Generated by org.testng.reporters.JUnitReportReporter -->
<testsuite hostname="DESKTOP-TQTAUTU" failures="0" tests="5" name="com.ecommerce.qa.tests.ForgetPasswordPageTests" time="68.291" errors="0" timestamp="2022-06-18T12:58:35 CEST" skipped="0">
  <testcase classname="com.ecommerce.qa.tests.ForgetPasswordPageTests" name="submitForgotPasswordForm" time="11.980"/>
  <system-out/>
  <testcase classname="com.ecommerce.qa.tests.ForgetPasswordPageTests" name="goBackToLoginPage" time="14.780"/>
  <system-out/>
  <testcase classname="com.ecommerce.qa.tests.ForgetPasswordPageTests" name="submitForgotPasswordForm" time="12.432"/>
  <system-out/>
  <testcase classname="com.ecommerce.qa.tests.ForgetPasswordPageTests" name="submitForgotPasswordForm" time="14.500"/>
  <system-out/>
  <testcase classname="com.ecommerce.qa.tests.ForgetPasswordPageTests" name="goBackToLoginPageByBreadCrumbButton" time="14.599"/>
  <system-out/>
</testsuite> <!-- com.ecommerce.qa.tests.ForgetPasswordPageTests -->
